[0.011s] Invoking command in '/home/atte/advanced-robotics/exercise_2/build/arm_controllers': CMAKE_PREFIX_PATH=${CMAKE_PREFIX_PATH}:/opt/ros/humble /usr/bin/cmake /home/atte/advanced-robotics/exercise_2/src/edu-franka_simulation/arm_controllers -DCMAKE_INSTALL_PREFIX=/home/atte/advanced-robotics/exercise_2/install/arm_controllers
[0.199s] -- The C compiler identification is GNU 11.4.0
[0.521s] -- The CXX compiler identification is GNU 11.4.0
[0.726s] -- Detecting C compiler ABI info
[0.837s] -- Detecting C compiler ABI info - done
[0.842s] -- Check for working C compiler: /usr/bin/cc - skipped
[0.842s] -- Detecting C compile features
[0.843s] -- Detecting C compile features - done
[0.845s] -- Detecting CXX compiler ABI info
[0.956s] -- Detecting CXX compiler ABI info - done
[0.961s] -- Check for working CXX compiler: /usr/bin/c++ - skipped
[0.961s] -- Detecting CXX compile features
[0.961s] -- Detecting CXX compile features - done
[0.969s] -- Found ament_cmake: 1.3.10 (/opt/ros/humble/share/ament_cmake/cmake)
[1.077s] -- Found Python3: /usr/bin/python3 (found version "3.10.12") found components: Interpreter 
[1.162s] -- Found rclcpp: 16.0.10 (/opt/ros/humble/share/rclcpp/cmake)
[1.309s] -- Found rosidl_generator_c: 3.1.5 (/opt/ros/humble/share/rosidl_generator_c/cmake)
[1.315s] -- Found rosidl_adapter: 3.1.5 (/opt/ros/humble/share/rosidl_adapter/cmake)
[1.325s] -- Found rosidl_generator_cpp: 3.1.5 (/opt/ros/humble/share/rosidl_generator_cpp/cmake)
[1.340s] -- Using all available rosidl_typesupport_c: rosidl_typesupport_fastrtps_c;rosidl_typesupport_introspection_c
[1.356s] -- Using all available rosidl_typesupport_cpp: rosidl_typesupport_fastrtps_cpp;rosidl_typesupport_introspection_cpp
[1.407s] -- Found rmw_implementation_cmake: 6.1.2 (/opt/ros/humble/share/rmw_implementation_cmake/cmake)
[1.411s] -- Found rmw_fastrtps_cpp: 6.2.7 (/opt/ros/humble/share/rmw_fastrtps_cpp/cmake)
[2.524s] -- Found OpenSSL: /usr/lib/x86_64-linux-gnu/libcrypto.so (found version "3.0.2")  
[3.749s] -- Found FastRTPS: /opt/ros/humble/include  
[6.149s] -- Using RMW implementation 'rmw_fastrtps_cpp' as default
[6.160s] -- Looking for pthread.h
[6.303s] -- Looking for pthread.h - found
[6.304s] -- Performing Test CMAKE_HAVE_LIBC_PTHREAD
[6.456s] -- Performing Test CMAKE_HAVE_LIBC_PTHREAD - Success
[6.457s] -- Found Threads: TRUE  
[6.513s] -- Found controller_interface: 2.43.1 (/opt/ros/humble/share/controller_interface/cmake)
[7.653s] -- Found urdf: 2.6.1 (/opt/ros/humble/share/urdf/cmake)
[7.661s] -- Found kdl_parser: 2.6.4 (/opt/ros/humble/share/kdl_parser/cmake)
[7.711s] -- Found eigen3_cmake_module: 0.1.1 (/opt/ros/humble/share/eigen3_cmake_module/cmake)
[7.712s] -- Found Eigen3: TRUE (found version "3.4.0") 
[7.712s] -- Ensuring Eigen3 include directory is part of orocos-kdl CMake target
[7.716s] -- Found realtime_tools: 2.7.0 (/opt/ros/humble/share/realtime_tools/cmake)
[7.785s] -- Configuring done
[7.866s] -- Generating done
[7.867s] -- Build files have been written to: /home/atte/advanced-robotics/exercise_2/build/arm_controllers
[7.877s] Invoked command in '/home/atte/advanced-robotics/exercise_2/build/arm_controllers' returned '0': CMAKE_PREFIX_PATH=${CMAKE_PREFIX_PATH}:/opt/ros/humble /usr/bin/cmake /home/atte/advanced-robotics/exercise_2/src/edu-franka_simulation/arm_controllers -DCMAKE_INSTALL_PREFIX=/home/atte/advanced-robotics/exercise_2/install/arm_controllers
[7.878s] Invoking command in '/home/atte/advanced-robotics/exercise_2/build/arm_controllers': CMAKE_PREFIX_PATH=${CMAKE_PREFIX_PATH}:/opt/ros/humble /usr/bin/cmake --build /home/atte/advanced-robotics/exercise_2/build/arm_controllers -- -j12 -l12
[7.923s] [ 33%] [32mBuilding CXX object CMakeFiles/arm_controllers.dir/src/joint_velocity_example_controller.cpp.o[0m
[7.923s] [ 33%] [32mBuilding CXX object CMakeFiles/arm_controllers.dir/src/joint_position_example_controller.cpp.o[0m
[7.923s] [ 50%] [32mBuilding CXX object CMakeFiles/arm_controllers.dir/src/time_delay_controller.cpp.o[0m
[7.923s] [ 66%] [32mBuilding CXX object CMakeFiles/arm_controllers.dir/src/computed_torque_controller.cpp.o[0m
[7.923s] [ 83%] [32mBuilding CXX object CMakeFiles/arm_controllers.dir/src/joint_impedance_example_controller.cpp.o[0m
[8.481s] In file included from [01m[K/home/atte/advanced-robotics/exercise_2/src/edu-franka_simulation/arm_controllers/src/computed_torque_controller.cpp:23[m[K:
[8.481s] [01m[K/home/atte/advanced-robotics/exercise_2/src/edu-franka_simulation/arm_controllers/include/arm_controllers/computed_torque_controller.hpp:33:10:[m[K [01;31m[Kfatal error: [m[Krealtime_tools/realtime_buffer.hpp: No such file or directory
[8.481s]    33 | #include [01;31m[K<realtime_tools/realtime_buffer.hpp>[m[K
[8.481s]       |          [01;31m[K^~~~~~~~~~~~~~~~~~~~~~~~~~~~~~~~~~~~[m[K
[8.481s] compilation terminated.
[8.493s] gmake[2]: *** [CMakeFiles/arm_controllers.dir/build.make:132: CMakeFiles/arm_controllers.dir/src/computed_torque_controller.cpp.o] Error 1
[8.493s] gmake[2]: *** Waiting for unfinished jobs....
[12.888s] gmake[1]: *** [CMakeFiles/Makefile2:137: CMakeFiles/arm_controllers.dir/all] Error 2
[12.888s] gmake: *** [Makefile:146: all] Error 2
[12.891s] Invoked command in '/home/atte/advanced-robotics/exercise_2/build/arm_controllers' returned '2': CMAKE_PREFIX_PATH=${CMAKE_PREFIX_PATH}:/opt/ros/humble /usr/bin/cmake --build /home/atte/advanced-robotics/exercise_2/build/arm_controllers -- -j12 -l12
