[35m[1mConsolidate compiler generated dependencies of target eigen[0m
[ 50%] Built target kdl
[ 75%] [32mBuilding CXX object CMakeFiles/eigen.dir/src/eigen.cpp.o[0m
[01m[K/home/ilari/Documents/ROBO.720/Ex1/ros2_ws/src/ex1_fk/src/eigen.cpp:[m[K In function â€˜[01m[Kint main()[m[Kâ€™:
[01m[K/home/ilari/Documents/ROBO.720/Ex1/ros2_ws/src/ex1_fk/src/eigen.cpp:56:66:[m[K [01;31m[Kerror: [m[Kâ€˜[01m[KEigen::Vector4f[m[Kâ€™ {aka â€˜[01m[Kclass Eigen::Matrix<float, 4, 1>[m[Kâ€™} has no member named â€˜[01m[KTranspose[m[Kâ€™; did you mean â€˜[01m[Ktranspose[m[Kâ€™?
   56 |     eeFrame = A1 * A2 * A3 * Eigen::Vector4f(0.0, 0.0, 0.0, 1.0).[01;31m[KTranspose[m[K();
      |                                                                  [01;31m[K^~~~~~~~~[m[K
      |                                                                  [32m[Ktranspose[m[K
gmake[2]: *** [CMakeFiles/eigen.dir/build.make:76: CMakeFiles/eigen.dir/src/eigen.cpp.o] Error 1
gmake[1]: *** [CMakeFiles/Makefile2:165: CMakeFiles/eigen.dir/all] Error 2
gmake: *** [Makefile:146: all] Error 2
