[0.013s] Invoking command in '/home/ilari/Documents/ROBO.720/Ex1/ros2_ws/build/ex1_fk': CMAKE_PREFIX_PATH=${CMAKE_PREFIX_PATH}:/opt/ros/humble /usr/bin/cmake --build /home/ilari/Documents/ROBO.720/Ex1/ros2_ws/build/ex1_fk -- -j12 -l12
[0.062s] [35m[1mConsolidate compiler generated dependencies of target eigen[0m
[0.075s] [ 50%] Built target kdl
[0.079s] [ 75%] [32mBuilding CXX object CMakeFiles/eigen.dir/src/eigen.cpp.o[0m
[0.994s] [01m[K/home/ilari/Documents/ROBO.720/Ex1/ros2_ws/src/ex1_fk/src/eigen.cpp:[m[K In function â€˜[01m[KEigen::Matrix4f form_matrix(float, float, float)[m[Kâ€™:
[0.995s] [01m[K/home/ilari/Documents/ROBO.720/Ex1/ros2_ws/src/ex1_fk/src/eigen.cpp:24:35:[m[K [01;35m[Kwarning: [m[Kunused parameter â€˜[01m[Kx[m[Kâ€™ [[01;35m[K]8;;https://gcc.gnu.org/onlinedocs/gcc/Warning-Options.html#index-Wunused-parameter-Wunused-parameter]8;;[m[K]
[0.995s]    24 | Eigen::Matrix4f form_matrix([01;35m[Kfloat x[m[K, float y, float angle) {
[0.995s]       |                             [01;35m[K~~~~~~^[m[K
[0.995s] [01m[K/home/ilari/Documents/ROBO.720/Ex1/ros2_ws/src/ex1_fk/src/eigen.cpp:24:44:[m[K [01;35m[Kwarning: [m[Kunused parameter â€˜[01m[Ky[m[Kâ€™ [[01;35m[K]8;;https://gcc.gnu.org/onlinedocs/gcc/Warning-Options.html#index-Wunused-parameter-Wunused-parameter]8;;[m[K]
[0.995s]    24 | Eigen::Matrix4f form_matrix(float x, [01;35m[Kfloat y[m[K, float angle) {
[0.995s]       |                                      [01;35m[K~~~~~~^[m[K
[0.996s] [01m[K/home/ilari/Documents/ROBO.720/Ex1/ros2_ws/src/ex1_fk/src/eigen.cpp:24:53:[m[K [01;35m[Kwarning: [m[Kunused parameter â€˜[01m[Kangle[m[Kâ€™ [[01;35m[K]8;;https://gcc.gnu.org/onlinedocs/gcc/Warning-Options.html#index-Wunused-parameter-Wunused-parameter]8;;[m[K]
[0.996s]    24 | Eigen::Matrix4f form_matrix(float x, float y, [01;35m[Kfloat angle[m[K) {
[0.996s]       |                                               [01;35m[K~~~~~~^~~~~[m[K
[0.996s] [01m[K/home/ilari/Documents/ROBO.720/Ex1/ros2_ws/src/ex1_fk/src/eigen.cpp:[m[K In function â€˜[01m[Kint main()[m[Kâ€™:
[0.996s] [01m[K/home/ilari/Documents/ROBO.720/Ex1/ros2_ws/src/ex1_fk/src/eigen.cpp:46:5:[m[K [01;31m[Kerror: [m[Kexpected â€˜[01m[K,[m[Kâ€™ or â€˜[01m[K;[m[Kâ€™ before â€˜[01m[Kfloat[m[Kâ€™
[0.996s]    46 |     [01;31m[Kfloat[m[K theta2 = 0.0//-M_PI / 2; // Joint 2
[0.996s]       |     [01;31m[K^~~~~[m[K
[0.996s] [01m[K/home/ilari/Documents/ROBO.720/Ex1/ros2_ws/src/ex1_fk/src/eigen.cpp:51:5:[m[K [01;31m[Kerror: [m[Kâ€˜[01m[KA1[m[Kâ€™ was not declared in this scope; did you mean â€˜[01m[Kl1[m[Kâ€™?
[0.996s]    51 |     [01;31m[KA1[m[K(0,3) = dx;
[0.996s]       |     [01;31m[K^~[m[K
[0.997s]       |     [32m[Kl1[m[K
[1.006s] [01m[K/home/ilari/Documents/ROBO.720/Ex1/ros2_ws/src/ex1_fk/src/eigen.cpp:63:19:[m[K [01;31m[Kerror: [m[Kâ€˜[01m[Ktheta2[m[Kâ€™ was not declared in this scope; did you mean â€˜[01m[Ktheta1[m[Kâ€™?
[1.006s]    63 |     A1(0,0) = cos([01;31m[Ktheta2[m[K);
[1.006s]       |                   [01;31m[K^~~~~~[m[K
[1.007s]       |                   [32m[Ktheta1[m[K
[1.122s] gmake[2]: *** [CMakeFiles/eigen.dir/build.make:76: CMakeFiles/eigen.dir/src/eigen.cpp.o] Error 1
[1.122s] gmake[1]: *** [CMakeFiles/Makefile2:165: CMakeFiles/eigen.dir/all] Error 2
[1.123s] gmake: *** [Makefile:146: all] Error 2
[1.126s] Invoked command in '/home/ilari/Documents/ROBO.720/Ex1/ros2_ws/build/ex1_fk' returned '2': CMAKE_PREFIX_PATH=${CMAKE_PREFIX_PATH}:/opt/ros/humble /usr/bin/cmake --build /home/ilari/Documents/ROBO.720/Ex1/ros2_ws/build/ex1_fk -- -j12 -l12
